<?xml version="1.0" encoding="UTF-8"?>
<!-- Generated by org.testng.reporters.JUnitReportReporter -->
<testsuite hostname="DESKTOP-GHGBSAD" failures="0" tests="1" name="TESTNG.VerifyTitle" time="7.180" errors="0" timestamp="2022-04-11T15:23:09 IST" skipped="0">
  <testcase classname="TESTNG.VerifyTitle" name="verifyTitle" time="7.180"/>
  <system-out>
    <![CDATA[Title is not matching & fail]]>
  </system-out>
</testsuite> <!-- TESTNG.VerifyTitle -->
