<?xml version="1.0" encoding="UTF-8"?>
<!-- Generated by org.testng.reporters.JUnitReportReporter -->
<testsuite hostname="DESKTOP-GHGBSAD" failures="0" tests="1" name="TESTNG.LoginActiTime" time="0.250" errors="0" timestamp="2022-04-18T16:54:46 IST" skipped="0">
  <testcase classname="TESTNG.LoginActiTime" name="Ameen" time="0.250"/>
  <system-out>
    <![CDATA[login successfully done]]>
  </system-out>
</testsuite> <!-- TESTNG.LoginActiTime -->
