<?xml version="1.0" encoding="UTF-8"?>
<!-- Generated by org.testng.reporters.JUnitReportReporter -->
<testsuite hostname="DESKTOP-GHGBSAD" failures="0" tests="2" name="TESTNG.customermodule" time="0.007" errors="0" timestamp="2022-05-15T12:41:30 IST" skipped="0">
  <testcase classname="TESTNG.customermodule" name="createcustomer" time="0.006"/>
  <system-out>
    <![CDATA[create customer]]>
  </system-out>
  <testcase classname="TESTNG.customermodule" name="modifycustomer" time="0.001"/>
  <system-out>
    <![CDATA[modify customer]]>
  </system-out>
</testsuite> <!-- TESTNG.customermodule -->
