<?xml version="1.0" encoding="UTF-8"?>
<!-- Generated by org.testng.reporters.JUnitReportReporter -->
<testsuite hostname="DESKTOP-GHGBSAD" failures="0" tests="2" name="TESTNG.Annotation1" time="0.007" errors="0" timestamp="2022-06-14T08:18:12 IST" skipped="0">
  <testcase classname="TESTNG.Annotation1" name="deletecustomer" time="0.002"/>
  <system-out>
    <![CDATA[delete customer]]>
  </system-out>
  <testcase classname="TESTNG.Annotation1" name="createcustomer" time="0.005"/>
  <system-out>
    <![CDATA[create customer]]>
  </system-out>
</testsuite> <!-- TESTNG.Annotation1 -->
