<?xml version="1.0" encoding="UTF-8"?>
<!-- Generated by org.testng.reporters.JUnitReportReporter -->
<testsuite hostname="DESKTOP-GHGBSAD" failures="0" tests="1" name="TESTNG.Demo" time="0.007" errors="0" timestamp="2022-04-09T12:30:49 IST" skipped="0">
  <testcase classname="TESTNG.Demo" name="testdemo" time="0.007"/>
  <system-out>
    <![CDATA[ameen]]>
  </system-out>
</testsuite> <!-- TESTNG.Demo -->
