<?xml version="1.0" encoding="UTF-8"?>
<!-- Generated by org.testng.reporters.JUnitReportReporter -->
<testsuite hostname="DESKTOP-GHGBSAD" failures="0" tests="1" name="com.actitime.pom.Valid1" time="28.309" errors="0" timestamp="2022-04-25T15:25:14 IST" skipped="0">
  <testcase classname="com.actitime.pom.Valid1" name="testvalidlogin" time="28.309"/>
  <system-out/>
</testsuite> <!-- com.actitime.pom.Valid1 -->
