<?xml version="1.0" encoding="UTF-8"?>
<!-- Generated by org.testng.reporters.JUnitReportReporter -->
<testsuite hostname="DESKTOP-GHGBSAD" failures="0" tests="1" name="Ameen.asserthard" time="3.039" errors="0" timestamp="2022-05-17T07:44:21 IST" skipped="0">
  <testcase classname="Ameen.asserthard" name="testverifytitle" time="3.039"/>
  <system-out>
    <![CDATA[title is passed]]>
  </system-out>
</testsuite> <!-- Ameen.asserthard -->
