<?xml version="1.0" encoding="UTF-8"?>
<!-- Generated by org.testng.reporters.JUnitReportReporter -->
<testsuite hostname="DESKTOP-GHGBSAD" failures="0" tests="3" name="Ameen.testNG" time="0.010" errors="0" timestamp="2022-05-17T07:33:19 IST" skipped="0">
  <testcase classname="Ameen.testNG" name="createcustomer" time="0.008"/>
  <system-out>
    <![CDATA[create customer]]>
  </system-out>
  <testcase classname="Ameen.testNG" name="modifycustomer" time="0.001"/>
  <system-out>
    <![CDATA[modify customer]]>
  </system-out>
  <testcase classname="Ameen.testNG" name="deletecustomer" time="0.001"/>
  <system-out>
    <![CDATA[delete customer]]>
  </system-out>
</testsuite> <!-- Ameen.testNG -->
